<?xml version="1.0" encoding="UTF-8"?>
<testng-results skipped="0" failed="0" ignored="0" total="1" passed="1">
  <reporter-output>
  </reporter-output>
  <suite name="Default suite" duration-ms="19909" started-at="2022-11-03T03:07:40 PDT" finished-at="2022-11-03T03:08:00 PDT">
    <groups>
    </groups>
    <test name="Default test" duration-ms="19909" started-at="2022-11-03T03:07:40 PDT" finished-at="2022-11-03T03:08:00 PDT">
      <class name="takescreenshotExample.AmazonTest">
        <test-method status="PASS" signature="launchApp()[pri:0, instance:takescreenshotExample.AmazonTest@491cc5c9]" name="launchApp" is-config="true" duration-ms="6498" started-at="2022-11-03T03:07:40 PDT" finished-at="2022-11-03T03:07:47 PDT">
          <reporter-output>
          </reporter-output>
        </test-method> <!-- launchApp -->
        <test-method status="PASS" signature="SearchTest()[pri:0, instance:takescreenshotExample.AmazonTest@491cc5c9]" name="SearchTest" duration-ms="8055" started-at="2022-11-03T03:07:47 PDT" finished-at="2022-11-03T03:07:55 PDT">
          <reporter-output>
          </reporter-output>
        </test-method> <!-- SearchTest -->
        <test-method status="PASS" signature="closeApp()[pri:0, instance:takescreenshotExample.AmazonTest@491cc5c9]" name="closeApp" is-config="true" duration-ms="5297" started-at="2022-11-03T03:07:55 PDT" finished-at="2022-11-03T03:08:00 PDT">
          <reporter-output>
          </reporter-output>
        </test-method> <!-- closeApp -->
      </class> <!-- takescreenshotExample.AmazonTest -->
    </test> <!-- Default test -->
  </suite> <!-- Default suite -->
</testng-results>
